Arguments: 
  c:\program files\nodejs\node.exe C:\Users\edza4\AppData\Roaming\npm\node_modules\yarn\bin\yarn.js add binance-api-node

PATH: 
  C:\Program Files\Oculus\Support\oculus-runtime;c:\program files (x86)\intel\intel(r) management engine components\icls\;c:\program files\intel\intel(r) management engine components\icls\;c:\program files (x86)\common files\oracle\java\javapath;c:\program files\oculus\support\oculus-runtime;c:\program files (x86)\common files\intel\shared libraries\redist\intel64\compiler;c:\program files (x86)\common files\intel\shared files\cpp\bin\intel64;c:\windows\system32;c:\windows;c:\windows\system32\wbem;c:\windows\system32\windowspowershell\v1.0\;c:\program files\git\cmd;c:\program files\nodejs\;c:\program files\putty\;c:\program files (x86)\mysql\mysql utilities 1.6\;c:\windows\system32\openssh\;c:\gradle\gradle-6.0.1\bin;c:\program files\java\jdk1.8.0_231\bin;c:\program files\java\jdk1.8.0_231\bin;c:\program files (x86)\intel\intel(r) management engine components\dal;c:\program files\intel\intel(r) management engine components\dal;c:\program files (x86)\intel\intel(r) management engine components\ipt;c:\program files\intel\intel(r) management engine components\ipt;c:\program files\nvidia corporation\nvidia nvdlisr;C:\Program Files (x86)\NVIDIA Corporation\PhysX\Common;d:\ffmpeg\bin;C:\Program Files\dotnet\;C:\Users\edza4\AppData\Local\Programs\Python\Python37\Scripts\;C:\Users\edza4\AppData\Local\Programs\Python\Python37\;C:\Users\edza4\AppData\Local\Programs\Python\Python38-32\Scripts;C:\Users\edza4\AppData\Local\Programs\Python\Python38-32;C:\Users\edza4\AppData\Local\Microsoft\WindowsApps;C:\Users\edza4\AppData\Local\Programs\Microsoft VS Code\bin;C:\Users\edza4\AppData\Roaming\npm;C:\Users\edza4\.deno\bin;D:\ffmpeg\bin;C:\Users\edza4\.dotnet\tools

Yarn version: 
  1.22.19

Node version: 
  10.15.0

Platform: 
  win32 x64

Trace: 
  Error: https://registry.yarnpkg.com/@tsed%2fservestatic: Not found
      at Request.params.callback [as _callback] (C:\Users\edza4\AppData\Roaming\npm\node_modules\yarn\lib\cli.js:66145:18)
      at Request.self.callback (C:\Users\edza4\AppData\Roaming\npm\node_modules\yarn\lib\cli.js:140890:22)
      at Request.emit (events.js:182:13)
      at Request.<anonymous> (C:\Users\edza4\AppData\Roaming\npm\node_modules\yarn\lib\cli.js:141862:10)
      at Request.emit (events.js:182:13)
      at IncomingMessage.<anonymous> (C:\Users\edza4\AppData\Roaming\npm\node_modules\yarn\lib\cli.js:141784:12)
      at Object.onceWrapper (events.js:273:13)
      at IncomingMessage.emit (events.js:187:15)
      at endReadableNT (_stream_readable.js:1094:12)
      at process._tickCallback (internal/process/next_tick.js:63:19)

npm manifest: 
  {
    "name": "api",
    "version": "1.0.0",
    "description": "",
    "main": "index.js",
    "scripts": {
      "start": "concurrently \"npm run tsc:w\" \"nodemon dist/app.js\"",
      "prod": "npm run tsc && pm2 start dist/app.js --name api --no-daemon",
      "build": "npm run tsc:es6",
      "postinstall": "npm run build",
      "tslint": "tslint ./*.ts ./lib/*.ts",
      "tsc": "tsc",
      "tsc:w": "tsc -w",
      "tsc:es6": "tsc --project tsconfig.json",
      "test": "echo \"Error: no test specified\" && exit 1",
      "new-migration": "tsc && \"./node_modules/.bin/typeorm\" migrations:generate --name",
      "migrations": "tsc && \"./node_modules/.bin/typeorm\" migrations:run",
      "prepare:db": "tsc && node dist/prepare_db.js"
    },
    "author": "",
    "license": "ISC",
    "dependencies": {
      "@tsed/common": "^4.12.4",
      "@tsed/core": "^4.12.4",
      "@tsed/servestatic": "^4.12.4",
      "@tsed/swagger": "^4.12.4",
      "@types/swagger-schema-official": "^2.0.7",
      "amqplib": "^0.5.2",
      "body-parser": "^1.15.2",
      "compression": "^1.6.2",
      "cookie-parser": "^1.4.3",
      "cors": "^2.8.4",
      "cron": "^1.3.0",
      "express": "^4.16.3",
      "express-session": "^1.14.2",
      "fluent-ffmpeg": "^2.1.2",
      "html-to-text": "^5.1.1",
      "ip-filter": "^2.0.0",
      "jayson": "^2.0.4",
      "jimp": "^0.16.1",
      "js-sha512": "^0.8.0",
      "method-override": "^2.3.6",
      "morgan": "^1.9.1",
      "mysql": "^2.17.0",
      "mysqldump": "^2.2.1",
      "mysqldump-stream": "^1.0.1",
      "node-xml-stream": "^1.0.2",
      "nonce": "^1.0.4",
      "passport": "^0.4.0",
      "passport-jwt": "^4.0.0",
      "prerender-node": "^3.2.1",
      "request": "^2.88.0",
      "request-promise": "^4.2.2",
      "save": "^2.3.3",
      "sha512": "0.0.1",
      "sharp": "^0.21.3",
      "socket.io": "^2.3.0",
      "sqlite3": "^4.0.6",
      "stripe": "^6.20.0",
      "swagger-ui-express": "^2.0.11",
      "ts-httpexceptions": "^3.0.2",
      "ts-log-debug": "^4.0.3",
      "typeorm": "^0.2.16",
      "typescript": "^3.3.3333",
      "websocket": "^1.0.32",
      "ws-reconnect": "^1.0.7",
      "xml2js": "^0.4.19"
    },
    "devDependencies": {
      "@types/express": "^4.11.1",
      "@types/node": "^8.0.13",
      "concurrently": "^3.1.0",
      "nodemon": "^1.18.9"
    }
  }

yarn manifest: 
  No manifest

Lockfile: 
  No lockfile
